<?xml version='1.0' encoding='utf-8'?>
<testsuite name="RealityCheck Regressed account overview" tests="6" time="6.631" timestamp="2026-08-04T18:34:14.967Z" failures="1" errors="0" skipped="0">
  <properties>
    <property name="realitycheck.runId" value="20260804T183414Z-db76fb" />
    <property name="realitycheck.score" value="96" />
    <property name="realitycheck.failOn" value="major" />
    <property name="realitycheck.target" value="http://127.0.0.1:4183/index.html" />
  </properties>
  <testcase classname="RealityCheck.browser" name="baseline" time="0.787">
    <failure message="1 finding(s) met the major threshold" type="RealityCheckQualityGate">RC-F9DFD0AFA5 [major] Current rendering differs from the approved visual baseline</failure>
    <system-out>RC-F9DFD0AFA5 [major/high] Current rendering differs from the approved visual baseline</system-out>
  </testcase>
  <testcase classname="RealityCheck.browser" name="mobile-375" time="2.051" />
  <testcase classname="RealityCheck.browser" name="long-text" time="1.191" />
  <testcase classname="RealityCheck.browser" name="rtl-arabic" time="1.039" />
  <testcase classname="RealityCheck.browser" name="image-failure" time="0.671" />
  <testcase classname="RealityCheck.browser" name="keyboard-tab" time="0.808" />
</testsuite>
