<?xml version='1.0' encoding='utf-8'?>
<testsuite name="RealityCheck Regressed account overview" tests="6" time="6.081" timestamp="2026-08-04T18:25:36.967Z" failures="1" errors="0" skipped="0">
  <properties>
    <property name="realitycheck.runId" value="20260804T182536Z-ab941b" />
    <property name="realitycheck.score" value="96" />
    <property name="realitycheck.failOn" value="major" />
    <property name="realitycheck.target" value="http://127.0.0.1:4183/index.html" />
  </properties>
  <testcase classname="RealityCheck.browser" name="baseline" time="0.826">
    <failure message="1 finding(s) met the major threshold" type="RealityCheckQualityGate">RC-F9DFD0AFA5 [major] Current rendering differs from the approved visual baseline</failure>
    <system-out>RC-F9DFD0AFA5 [major/high] Current rendering differs from the approved visual baseline</system-out>
  </testcase>
  <testcase classname="RealityCheck.browser" name="mobile-375" time="0.609" />
  <testcase classname="RealityCheck.browser" name="long-text" time="1.285" />
  <testcase classname="RealityCheck.browser" name="rtl-arabic" time="1.294" />
  <testcase classname="RealityCheck.browser" name="image-failure" time="0.879" />
  <testcase classname="RealityCheck.browser" name="keyboard-tab" time="1.086" />
</testsuite>
